0 silly argv {
0 silly argv   _: [ 'run' ],
0 silly argv   lernaVersion: '6.0.3',
0 silly argv   '$0': '/Users/nacho/Documents/dev/react-recipes/styling/design-system/node_modules/.bin/lerna',
0 silly argv   script: 'build'
0 silly argv }
1 notice cli v6.0.3
2 verbose rootPath /Users/nacho/Documents/dev/react-recipes/styling/design-system
3 error JSONError: Unexpected string in JSON at position 133 while parsing '{  "name": "@ds.e/scss",  "version": "' in packages/scss/package.json
3 error
3 error [0m [90m 4 |[39m   [32m"description"[39m[33m:[39m [32m""[39m[33m,[39m[0m
3 error [0m [90m 5 |[39m   [32m"author"[39m[33m:[39m [32m"Ignacio Herrera <ignacioromanherrera@gmail.com>"[39m[0m
3 error [0m[31m[1m>[22m[39m[90m 6 |[39m   [32m"main"[39m[33m:[39m [32m"index.js"[39m[33m,[39m[0m
3 error [0m [90m   |[39m   [31m[1m^[22m[39m[0m
3 error [0m [90m 7 |[39m   [32m"scripts"[39m[33m:[39m {[0m
3 error [0m [90m 8 |[39m     [32m"lint"[39m[33m:[39m [32m"stylelint './**/*.scss' --fix"[39m[33m,[39m[0m
3 error [0m [90m 9 |[39m     [32m"build"[39m[33m:[39m [32m"node src/scripts/build.js"[39m[0m
3 error
3 error     at parseJson (/Users/nacho/Documents/dev/react-recipes/styling/design-system/node_modules/parse-json/index.js:29:21)
3 error     at parse (/Users/nacho/Documents/dev/react-recipes/styling/design-system/node_modules/load-json-file/index.js:15:9)
3 error     at module.exports (/Users/nacho/Documents/dev/react-recipes/styling/design-system/node_modules/load-json-file/index.js:18:47)
